{"name": "test_demo_no_class", "status": "failed", "statusDetails": {"message": "AssertionError: assert 1 == 2", "trace": "self = <tests.test_demo.TestDemo object at 0x000002341D8EC7F0>\n\n    @pytest.mark.smoke\n    @pytest.mark.error_test\n    # 实现参数化\n    # @pytest.mark.parametrize(\"test_info\", data)\n    def test_demo_no_class(self,\n                           # test_info,\n                           # function_fixture,\n                           # class_fixture,\n                           # module_fixture\n                           ):\n>       assert  1 == 2\nE       assert 1 == 2\n\ntests\\test_demo.py:47: AssertionError"}, "start": 1596249540942, "stop": 1596249540942, "uuid": "88a82641-fc93-4a38-b471-09025884a35a", "historyId": "a2576768e2eb7f50a902237200be66db", "testCaseId": "abfb6f874cd0a837936a7abac95805f8", "fullName": "tests.test_demo.TestDemo#test_demo_no_class", "labels": [{"name": "tag", "value": "demo"}, {"name": "tag", "value": "smoke"}, {"name": "tag", "value": "error_test"}, {"name": "parentSuite", "value": "tests"}, {"name": "suite", "value": "test_demo"}, {"name": "subSuite", "value": "TestDemo"}, {"name": "host", "value": "LAPTOP-LENSEH1Q"}, {"name": "thread", "value": "3968-MainThread"}, {"name": "framework", "value": "pytest"}, {"name": "language", "value": "cpython3"}, {"name": "package", "value": "tests.test_demo"}]}